

Microchip Technology PIC LITE Macro Assembler V1.38 build -256452561 
                                                                                               Fri Dec 09 12:48:04 2016

Microchip Technology Omniscient Code Generator v1.38 (Free mode) build 201607010351
     1                           	processor	16F877A
     2                           	opt	pw 120
     3                           	opt	lm
     4                           	psect	cinit,global,class=CODE,merge=1,delta=2
     5                           	psect	cstackCOMMON,global,class=COMMON,space=1,delta=1
     6                           	psect	maintext,global,class=CODE,split=1,delta=2
     7                           	psect	text1,local,class=CODE,merge=1,delta=2
     8                           	psect	text2,local,class=CODE,merge=1,delta=2
     9                           	dabs	1,0x7E,2
    10  0000                     	;# 
    11  0001                     	;# 
    12  0002                     	;# 
    13  0003                     	;# 
    14  0004                     	;# 
    15  0005                     	;# 
    16  0006                     	;# 
    17  0007                     	;# 
    18  0008                     	;# 
    19  0009                     	;# 
    20  000A                     	;# 
    21  000B                     	;# 
    22  000C                     	;# 
    23  000D                     	;# 
    24  000E                     	;# 
    25  000E                     	;# 
    26  000F                     	;# 
    27  0010                     	;# 
    28  0011                     	;# 
    29  0012                     	;# 
    30  0013                     	;# 
    31  0014                     	;# 
    32  0015                     	;# 
    33  0015                     	;# 
    34  0016                     	;# 
    35  0017                     	;# 
    36  0018                     	;# 
    37  0019                     	;# 
    38  001A                     	;# 
    39  001B                     	;# 
    40  001B                     	;# 
    41  001C                     	;# 
    42  001D                     	;# 
    43  001E                     	;# 
    44  001F                     	;# 
    45  0081                     	;# 
    46  0085                     	;# 
    47  0086                     	;# 
    48  0087                     	;# 
    49  0088                     	;# 
    50  0089                     	;# 
    51  008C                     	;# 
    52  008D                     	;# 
    53  008E                     	;# 
    54  0091                     	;# 
    55  0092                     	;# 
    56  0093                     	;# 
    57  0094                     	;# 
    58  0098                     	;# 
    59  0099                     	;# 
    60  009C                     	;# 
    61  009D                     	;# 
    62  009E                     	;# 
    63  009F                     	;# 
    64  010C                     	;# 
    65  010D                     	;# 
    66  010E                     	;# 
    67  010F                     	;# 
    68  018C                     	;# 
    69  018D                     	;# 
    70  000B                     _INTCONbits	set	11
    71  0008                     _PORTD	set	8
    72  0001                     _TMR0	set	1
    73  0081                     _OPTION_REGbits	set	129
    74  0088                     _TRISD	set	136
    75                           
    76                           	psect	cinit
    77  07FC                     start_initialization:	
    78                           ; #config settings
    79                           
    80  07FC                     __initialization:	
    81  07FC                     end_of_initialization:	
    82                           ;End of C runtime variable initialization code
    83                           
    84  07FC                     __end_of__initialization:	
    85  07FC  0183               	clrf	3
    86  07FD  120A  118A  2F97   	ljmp	_main	;jump to C main() function
    87                           
    88                           	psect	cstackCOMMON
    89  0070                     __pcstackCOMMON:	
    90  0070                     ?_delay:	
    91  0070                     ?_main:	
    92                           ; 1 bytes @ 0x0
    93                           
    94  0070                     ?___wmul:	
    95                           ; 1 bytes @ 0x0
    96                           
    97  0070                     ___wmul@multiplier:	
    98                           ; 2 bytes @ 0x0
    99                           
   100                           
   101                           ; 2 bytes @ 0x0
   102  0070                     	ds	2
   103  0072                     ___wmul@multiplicand:	
   104                           
   105                           ; 2 bytes @ 0x2
   106  0072                     	ds	2
   107  0074                     ??___wmul:	
   108  0074                     ___wmul@product:	
   109                           ; 1 bytes @ 0x4
   110                           
   111                           
   112                           ; 2 bytes @ 0x4
   113  0074                     	ds	2
   114  0076                     ??_delay:	
   115                           
   116                           ; 1 bytes @ 0x6
   117  0076                     	ds	2
   118  0078                     delay@delay_length:	
   119                           
   120                           ; 1 bytes @ 0x8
   121  0078                     	ds	1
   122  0079                     delay@preload:	
   123                           
   124                           ; 1 bytes @ 0x9
   125  0079                     	ds	1
   126  007A                     delay@i:	
   127                           
   128                           ; 1 bytes @ 0xA
   129  007A                     	ds	1
   130  007B                     ??_main:	
   131                           
   132                           ; 1 bytes @ 0xB
   133  007B                     	ds	1
   134                           
   135                           	psect	maintext
   136  0797                     __pmaintext:	
   137 ;;
   138 ;;Main: autosize = 0, tempsize = 1, incstack = 0, save=0
   139 ;;
   140 ;; *************** function _main *****************
   141 ;; Defined at:
   142 ;;		line 9 in file "Lab4Ex4.c"
   143 ;; Parameters:    Size  Location     Type
   144 ;;		None
   145 ;; Auto vars:     Size  Location     Type
   146 ;;		None
   147 ;; Return value:  Size  Location     Type
   148 ;;                  1    wreg      void 
   149 ;; Registers used:
   150 ;;		wreg, status,2, status,0, pclath, cstack
   151 ;; Tracked objects:
   152 ;;		On entry : B00/0
   153 ;;		On exit  : 0/0
   154 ;;		Unchanged: 0/0
   155 ;; Data sizes:     COMMON   BANK0   BANK1   BANK3   BANK2
   156 ;;      Params:         0       0       0       0       0
   157 ;;      Locals:         0       0       0       0       0
   158 ;;      Temps:          1       0       0       0       0
   159 ;;      Totals:         1       0       0       0       0
   160 ;;Total ram usage:        1 bytes
   161 ;; Hardware stack levels required when called:    2
   162 ;; This function calls:
   163 ;;		_delay
   164 ;; This function is called by:
   165 ;;		Startup code after reset
   166 ;; This function uses a non-reentrant model
   167 ;;
   168                           
   169                           
   170                           ;psect for function _main
   171  0797                     _main:	
   172                           
   173                           ;Lab4Ex4.c: 12: TRISD = 0x00;
   174                           
   175                           ;incstack = 0
   176                           ; Regs used in _main: [wreg+status,2+status,0+pclath+cstack]
   177  0797  1683               	bsf	3,5	;RP0=1, select bank1
   178  0798  1303               	bcf	3,6	;RP1=0, select bank1
   179  0799  0188               	clrf	8	;volatile
   180                           
   181                           ;Lab4Ex4.c: 13: PORTD = 0x00;
   182  079A  1283               	bcf	3,5	;RP0=0, select bank0
   183  079B  1303               	bcf	3,6	;RP1=0, select bank0
   184  079C  0188               	clrf	8	;volatile
   185  079D                     l555:	
   186                           ;Lab4Ex4.c: 14: while(1){
   187                           
   188                           
   189                           ;Lab4Ex4.c: 15: delay(0);
   190  079D  3000               	movlw	0
   191  079E  120A  118A  27CB  120A  118A  	fcall	_delay
   192                           
   193                           ;Lab4Ex4.c: 16: PORTD++;
   194  07A3  3001               	movlw	1
   195  07A4  00FB               	movwf	??_main
   196  07A5  087B               	movf	??_main,w
   197  07A6  1283               	bcf	3,5	;RP0=0, select bank0
   198  07A7  1303               	bcf	3,6	;RP1=0, select bank0
   199  07A8  0788               	addwf	8,f	;volatile
   200  07A9  2F9D               	goto	l555
   201  07AA                     __end_of_main:	
   202                           
   203                           	psect	text1
   204  07CB                     __ptext1:	
   205 ;; *************** function _delay *****************
   206 ;; Defined at:
   207 ;;		line 21 in file "Lab4Ex4.c"
   208 ;; Parameters:    Size  Location     Type
   209 ;;  delay_length    1    wreg     unsigned char 
   210 ;; Auto vars:     Size  Location     Type
   211 ;;  delay_length    1    8[COMMON] unsigned char 
   212 ;;  i               1   10[COMMON] unsigned char 
   213 ;;  preload         1    9[COMMON] unsigned char 
   214 ;; Return value:  Size  Location     Type
   215 ;;                  1    wreg      void 
   216 ;; Registers used:
   217 ;;		wreg, status,2, status,0, pclath, cstack
   218 ;; Tracked objects:
   219 ;;		On entry : 0/0
   220 ;;		On exit  : 0/0
   221 ;;		Unchanged: 0/0
   222 ;; Data sizes:     COMMON   BANK0   BANK1   BANK3   BANK2
   223 ;;      Params:         0       0       0       0       0
   224 ;;      Locals:         3       0       0       0       0
   225 ;;      Temps:          2       0       0       0       0
   226 ;;      Totals:         5       0       0       0       0
   227 ;;Total ram usage:        5 bytes
   228 ;; Hardware stack levels used:    1
   229 ;; Hardware stack levels required when called:    1
   230 ;; This function calls:
   231 ;;		___wmul
   232 ;; This function is called by:
   233 ;;		_main
   234 ;; This function uses a non-reentrant model
   235 ;;
   236                           
   237                           
   238                           ;psect for function _delay
   239  07CB                     _delay:	
   240                           
   241                           ;incstack = 0
   242                           ; Regs used in _delay: [wreg+status,2+status,0+pclath+cstack]
   243                           ;delay@delay_length stored from wreg
   244  07CB  00F8               	movwf	delay@delay_length
   245                           
   246                           ;Lab4Ex4.c: 23: unsigned char preload = 96;
   247  07CC  3060               	movlw	96
   248  07CD  00F6               	movwf	??_delay
   249  07CE  0876               	movf	??_delay,w
   250  07CF  00F9               	movwf	delay@preload
   251                           
   252                           ;Lab4Ex4.c: 24: unsigned char i;
   253                           ;Lab4Ex4.c: 26: OPTION_REGbits.T0CS = 0;
   254  07D0  1683               	bsf	3,5	;RP0=1, select bank1
   255  07D1  1303               	bcf	3,6	;RP1=0, select bank1
   256  07D2  1281               	bcf	1,5	;volatile
   257                           
   258                           ;Lab4Ex4.c: 27: OPTION_REGbits.PSA = 0;
   259  07D3  1181               	bcf	1,3	;volatile
   260                           
   261                           ;Lab4Ex4.c: 28: OPTION_REGbits.PS = 7;
   262  07D4  3007               	movlw	7
   263  07D5  0481               	iorwf	1,f	;volatile
   264                           
   265                           ;Lab4Ex4.c: 30: for(i=0;i<delay_length*20;i++)
   266  07D6  01FA               	clrf	delay@i
   267  07D7                     l551:	
   268  07D7  0878               	movf	delay@delay_length,w
   269  07D8  00F6               	movwf	??_delay
   270  07D9  01F7               	clrf	??_delay+1
   271  07DA  0876               	movf	??_delay,w
   272  07DB  00F0               	movwf	___wmul@multiplier
   273  07DC  0877               	movf	??_delay+1,w
   274  07DD  00F1               	movwf	___wmul@multiplier+1
   275  07DE  3014               	movlw	20
   276  07DF  00F2               	movwf	___wmul@multiplicand
   277  07E0  3000               	movlw	0
   278  07E1  00F3               	movwf	___wmul@multiplicand+1
   279  07E2  120A  118A  27AA  120A  118A  	fcall	___wmul
   280  07E7  0871               	movf	?___wmul+1,w
   281  07E8  3A80               	xorlw	128
   282  07E9  3C80               	sublw	128
   283  07EA  1D03               	skipz
   284  07EB  2FEE               	goto	u125
   285  07EC  0870               	movf	?___wmul,w
   286  07ED  027A               	subwf	delay@i,w
   287  07EE                     u125:	
   288  07EE  1803               	btfsc	3,0
   289  07EF  0008               	return
   290                           
   291                           ;Lab4Ex4.c: 31: {
   292                           ;Lab4Ex4.c: 32: TMR0 = preload;
   293  07F0  0879               	movf	delay@preload,w
   294  07F1  1283               	bcf	3,5	;RP0=0, select bank0
   295  07F2  1303               	bcf	3,6	;RP1=0, select bank0
   296  07F3  0081               	movwf	1	;volatile
   297  07F4                     l23:	
   298                           ;Lab4Ex4.c: 33: while(!INTCONbits.TMR0IF);
   299                           
   300  07F4  1D0B               	btfss	11,2	;volatile
   301  07F5  2FF4               	goto	l23
   302                           
   303                           ;Lab4Ex4.c: 34: INTCONbits.TMR0IF = 0;
   304  07F6  110B               	bcf	11,2	;volatile
   305  07F7  3001               	movlw	1
   306  07F8  00F6               	movwf	??_delay
   307  07F9  0876               	movf	??_delay,w
   308  07FA  07FA               	addwf	delay@i,f
   309  07FB  2FD7               	goto	l551
   310  07FC                     __end_of_delay:	
   311                           
   312                           	psect	text2
   313  07AA                     __ptext2:	
   314 ;; *************** function ___wmul *****************
   315 ;; Defined at:
   316 ;;		line 15 in file "C:\Program Files (x86)\Microchip\xc8\v1.38\sources\common\Umul16.c"
   317 ;; Parameters:    Size  Location     Type
   318 ;;  multiplier      2    0[COMMON] unsigned int 
   319 ;;  multiplicand    2    2[COMMON] unsigned int 
   320 ;; Auto vars:     Size  Location     Type
   321 ;;  product         2    4[COMMON] unsigned int 
   322 ;; Return value:  Size  Location     Type
   323 ;;                  2    0[COMMON] unsigned int 
   324 ;; Registers used:
   325 ;;		wreg, status,2, status,0
   326 ;; Tracked objects:
   327 ;;		On entry : 0/0
   328 ;;		On exit  : 0/0
   329 ;;		Unchanged: 0/0
   330 ;; Data sizes:     COMMON   BANK0   BANK1   BANK3   BANK2
   331 ;;      Params:         4       0       0       0       0
   332 ;;      Locals:         2       0       0       0       0
   333 ;;      Temps:          0       0       0       0       0
   334 ;;      Totals:         6       0       0       0       0
   335 ;;Total ram usage:        6 bytes
   336 ;; Hardware stack levels used:    1
   337 ;; This function calls:
   338 ;;		Nothing
   339 ;; This function is called by:
   340 ;;		_delay
   341 ;; This function uses a non-reentrant model
   342 ;;
   343                           
   344                           
   345                           ;psect for function ___wmul
   346  07AA                     ___wmul:	
   347                           
   348                           ;incstack = 0
   349                           ; Regs used in ___wmul: [wreg+status,2+status,0]
   350  07AA  01F4               	clrf	___wmul@product
   351  07AB  01F5               	clrf	___wmul@product+1
   352  07AC                     l525:	
   353  07AC  1C70               	btfss	___wmul@multiplier,0
   354  07AD  2FB4               	goto	l111
   355  07AE  0872               	movf	___wmul@multiplicand,w
   356  07AF  07F4               	addwf	___wmul@product,f
   357  07B0  1803               	skipnc
   358  07B1  0AF5               	incf	___wmul@product+1,f
   359  07B2  0873               	movf	___wmul@multiplicand+1,w
   360  07B3  07F5               	addwf	___wmul@product+1,f
   361  07B4                     l111:	
   362  07B4  3001               	movlw	1
   363  07B5                     u85:	
   364  07B5  1003               	clrc
   365  07B6  0DF2               	rlf	___wmul@multiplicand,f
   366  07B7  0DF3               	rlf	___wmul@multiplicand+1,f
   367  07B8  3EFF               	addlw	-1
   368  07B9  1D03               	skipz
   369  07BA  2FB5               	goto	u85
   370  07BB  3001               	movlw	1
   371  07BC                     u95:	
   372  07BC  1003               	clrc
   373  07BD  0CF1               	rrf	___wmul@multiplier+1,f
   374  07BE  0CF0               	rrf	___wmul@multiplier,f
   375  07BF  3EFF               	addlw	-1
   376  07C0  1D03               	skipz
   377  07C1  2FBC               	goto	u95
   378  07C2  0870               	movf	___wmul@multiplier,w
   379  07C3  0471               	iorwf	___wmul@multiplier+1,w
   380  07C4  1D03               	btfss	3,2
   381  07C5  2FAC               	goto	l525
   382  07C6  0875               	movf	___wmul@product+1,w
   383  07C7  00F1               	movwf	?___wmul+1
   384  07C8  0874               	movf	___wmul@product,w
   385  07C9  00F0               	movwf	?___wmul
   386  07CA  0008               	return
   387  07CB                     __end_of___wmul:	
   388  007E                     btemp	set	126	;btemp
   389  007E                     wtemp	set	126
   390  007E                     wtemp0	set	126
   391  0080                     wtemp1	set	128
   392  0082                     wtemp2	set	130
   393  0084                     wtemp3	set	132
   394  0086                     wtemp4	set	134
   395  0088                     wtemp5	set	136
   396  007F                     wtemp6	set	127
   397  007E                     ttemp	set	126
   398  007E                     ttemp0	set	126
   399  0081                     ttemp1	set	129
   400  0084                     ttemp2	set	132
   401  0087                     ttemp3	set	135
   402  007F                     ttemp4	set	127
   403  007E                     ltemp	set	126
   404  007E                     ltemp0	set	126
   405  0082                     ltemp1	set	130
   406  0086                     ltemp2	set	134
   407  0080                     ltemp3	set	128


Data Sizes:
    Strings     0
    Constant    0
    Data        0
    BSS         0
    Persistent  0
    Stack       0

Auto Spaces:
    Space          Size  Autos    Used
    COMMON           14     12      12
    BANK0            80      0       0
    BANK1            80      0       0
    BANK3            96      0       0
    BANK2            96      0       0

Pointer List with Targets:

    None.

Critical Paths under _main in COMMON

    _main->_delay
    _delay->___wmul

Critical Paths under _main in BANK0

    None.

Critical Paths under _main in BANK1

    None.

Critical Paths under _main in BANK3

    None.

Critical Paths under _main in BANK2

    None.

Call Graph Tables:

 ---------------------------------------------------------------------------------
 (Depth) Function   	        Calls       Base Space   Used Autos Params    Refs
 ---------------------------------------------------------------------------------
 (0) _main                                                 1     1      0     267
                                             11 COMMON     1     1      0
                              _delay
 ---------------------------------------------------------------------------------
 (1) _delay                                                5     5      0     267
                                              6 COMMON     5     5      0
                             ___wmul
 ---------------------------------------------------------------------------------
 (2) ___wmul                                               6     2      4     198
                                              0 COMMON     6     2      4
 ---------------------------------------------------------------------------------
 Estimated maximum stack depth 2
 ---------------------------------------------------------------------------------

 Call Graph Graphs:

 _main (ROOT)
   _delay
     ___wmul

 Address spaces:
Name               Size   Autos  Total    Cost      Usage
BITCOMMON            E      0       0       0        0.0%
EEDATA             100      0       0       0        0.0%
NULL                 0      0       0       0        0.0%
CODE                 0      0       0       0        0.0%
COMMON               E      C       C       1       85.7%
BITSFR0              0      0       0       1        0.0%
SFR0                 0      0       0       1        0.0%
BITSFR1              0      0       0       2        0.0%
SFR1                 0      0       0       2        0.0%
STACK                0      0       0       2        0.0%
ABS                  0      0       0       3        0.0%
BITBANK0            50      0       0       4        0.0%
BITSFR3              0      0       0       4        0.0%
SFR3                 0      0       0       4        0.0%
BANK0               50      0       0       5        0.0%
BITSFR2              0      0       0       5        0.0%
SFR2                 0      0       0       5        0.0%
BITBANK1            50      0       0       6        0.0%
BANK1               50      0       0       7        0.0%
BITBANK3            60      0       0       8        0.0%
BANK3               60      0       0       9        0.0%
BITBANK2            60      0       0      10        0.0%
BANK2               60      0       0      11        0.0%
DATA                 0      0       0      12        0.0%


Microchip Technology PIC Macro Assembler V1.38 build -256452561 
Symbol Table                                                                                   Fri Dec 09 12:48:04 2016

                     l23 07F4                       u85 07B5                       u95 07BC  
    ___wmul@multiplicand 0072                      l111 07B4                      l525 07AC  
                    l551 07D7                      l555 079D                      u125 07EE  
                   _TMR0 0001                     _main 0797                     btemp 007E  
                   ltemp 007E                     start 0000                     ttemp 007E  
                   wtemp 007E                    ?_main 0070                    _PORTD 0008  
                  _TRISD 0088                    _delay 07CB                    ltemp0 007E  
                  ltemp1 0082                    ltemp2 0086                    ltemp3 0080  
                  ttemp0 007E                    ttemp1 0081                    ttemp2 0084  
                  ttemp3 0087                    ttemp4 007F                    status 0003  
                  wtemp0 007E                    wtemp1 0080                    wtemp2 0082  
                  wtemp3 0084                    wtemp4 0086                    wtemp5 0088  
                  wtemp6 007F          __initialization 07FC             __end_of_main 07AA  
                 ??_main 007B                   ?_delay 0070                   ___wmul 07AA  
                 delay@i 007A  __end_of__initialization 07FC           __pcstackCOMMON 0070  
          __end_of_delay 07FC           _OPTION_REGbits 0081                  ??_delay 0076  
             __pmaintext 0797                  ?___wmul 0070          __size_of___wmul 0021  
                __ptext1 07CB                  __ptext2 07AA     end_of_initialization 07FC  
      delay@delay_length 0078           __end_of___wmul 07CB      start_initialization 07FC  
               ??___wmul 0074                ___latbits 0002           __size_of_delay 0031  
         ___wmul@product 0074             delay@preload 0079        ___wmul@multiplier 0070  
          __size_of_main 0013               _INTCONbits 000B  
