

Microchip Technology PIC LITE Macro Assembler V1.38 build -256452561 
                                                                                               Fri Dec 09 12:43:04 2016

Microchip Technology Omniscient Code Generator v1.38 (Free mode) build 201607010351
     1                           	processor	16F877A
     2                           	opt	pw 120
     3                           	opt	lm
     4                           	psect	cinit,global,class=CODE,merge=1,delta=2
     5                           	psect	cstackCOMMON,global,class=COMMON,space=1,delta=1
     6                           	psect	maintext,global,class=CODE,split=1,delta=2
     7                           	psect	text1,local,class=CODE,merge=1,delta=2
     8                           	dabs	1,0x7E,2
     9  0000                     	;# 
    10  0001                     	;# 
    11  0002                     	;# 
    12  0003                     	;# 
    13  0004                     	;# 
    14  0005                     	;# 
    15  0006                     	;# 
    16  0007                     	;# 
    17  0008                     	;# 
    18  0009                     	;# 
    19  000A                     	;# 
    20  000B                     	;# 
    21  000C                     	;# 
    22  000D                     	;# 
    23  000E                     	;# 
    24  000E                     	;# 
    25  000F                     	;# 
    26  0010                     	;# 
    27  0011                     	;# 
    28  0012                     	;# 
    29  0013                     	;# 
    30  0014                     	;# 
    31  0015                     	;# 
    32  0015                     	;# 
    33  0016                     	;# 
    34  0017                     	;# 
    35  0018                     	;# 
    36  0019                     	;# 
    37  001A                     	;# 
    38  001B                     	;# 
    39  001B                     	;# 
    40  001C                     	;# 
    41  001D                     	;# 
    42  001E                     	;# 
    43  001F                     	;# 
    44  0081                     	;# 
    45  0085                     	;# 
    46  0086                     	;# 
    47  0087                     	;# 
    48  0088                     	;# 
    49  0089                     	;# 
    50  008C                     	;# 
    51  008D                     	;# 
    52  008E                     	;# 
    53  0091                     	;# 
    54  0092                     	;# 
    55  0093                     	;# 
    56  0094                     	;# 
    57  0098                     	;# 
    58  0099                     	;# 
    59  009C                     	;# 
    60  009D                     	;# 
    61  009E                     	;# 
    62  009F                     	;# 
    63  010C                     	;# 
    64  010D                     	;# 
    65  010E                     	;# 
    66  010F                     	;# 
    67  018C                     	;# 
    68  018D                     	;# 
    69  000B                     _INTCONbits	set	11
    70  0008                     _PORTD	set	8
    71  0001                     _TMR0	set	1
    72  0081                     _OPTION_REGbits	set	129
    73  0088                     _TRISD	set	136
    74                           
    75                           	psect	cinit
    76  07FC                     start_initialization:	
    77                           ; #config settings
    78                           
    79  07FC                     __initialization:	
    80  07FC                     end_of_initialization:	
    81                           ;End of C runtime variable initialization code
    82                           
    83  07FC                     __end_of__initialization:	
    84  07FC  0183               	clrf	3
    85  07FD  120A  118A  2FCF   	ljmp	_main	;jump to C main() function
    86                           
    87                           	psect	cstackCOMMON
    88  0070                     __pcstackCOMMON:	
    89  0070                     ?_one_sec_delay:	
    90  0070                     ??_one_sec_delay:	
    91                           ; 1 bytes @ 0x0
    92                           
    93  0070                     ?_main:	
    94                           ; 1 bytes @ 0x0
    95                           
    96                           
    97                           ; 1 bytes @ 0x0
    98  0070                     	ds	1
    99  0071                     one_sec_delay@preload:	
   100                           
   101                           ; 1 bytes @ 0x1
   102  0071                     	ds	1
   103  0072                     one_sec_delay@i:	
   104                           
   105                           ; 1 bytes @ 0x2
   106  0072                     	ds	1
   107  0073                     ??_main:	
   108                           
   109                           ; 1 bytes @ 0x3
   110  0073                     	ds	1
   111                           
   112                           	psect	maintext
   113  07CF                     __pmaintext:	
   114 ;;
   115 ;;Main: autosize = 0, tempsize = 1, incstack = 0, save=0
   116 ;;
   117 ;; *************** function _main *****************
   118 ;; Defined at:
   119 ;;		line 9 in file "Lab4Ex3.c"
   120 ;; Parameters:    Size  Location     Type
   121 ;;		None
   122 ;; Auto vars:     Size  Location     Type
   123 ;;		None
   124 ;; Return value:  Size  Location     Type
   125 ;;                  1    wreg      void 
   126 ;; Registers used:
   127 ;;		wreg, status,2, status,0, pclath, cstack
   128 ;; Tracked objects:
   129 ;;		On entry : B00/0
   130 ;;		On exit  : 0/0
   131 ;;		Unchanged: 0/0
   132 ;; Data sizes:     COMMON   BANK0   BANK1   BANK3   BANK2
   133 ;;      Params:         0       0       0       0       0
   134 ;;      Locals:         0       0       0       0       0
   135 ;;      Temps:          1       0       0       0       0
   136 ;;      Totals:         1       0       0       0       0
   137 ;;Total ram usage:        1 bytes
   138 ;; Hardware stack levels required when called:    1
   139 ;; This function calls:
   140 ;;		_one_sec_delay
   141 ;; This function is called by:
   142 ;;		Startup code after reset
   143 ;; This function uses a non-reentrant model
   144 ;;
   145                           
   146                           
   147                           ;psect for function _main
   148  07CF                     _main:	
   149                           
   150                           ;Lab4Ex3.c: 11:     
   151                           ;Lab4Ex3.c: 12:     TRISD = 0x00;               
   152                           
   153                           ;incstack = 0
   154                           ; Regs used in _main: [wreg+status,2+status,0+pclath+cstack]
   155  07CF  1683               	bsf	3,5	;RP0=1, select bank1
   156  07D0  1303               	bcf	3,6	;RP1=0, select bank1
   157  07D1  0188               	clrf	8	;volatile
   158                           
   159                           ;Lab4Ex3.c: 13:     PORTD = 0x00;               
   160  07D2  1283               	bcf	3,5	;RP0=0, select bank0
   161  07D3  1303               	bcf	3,6	;RP1=0, select bank0
   162  07D4  0188               	clrf	8	;volatile
   163  07D5                     l508:	
   164                           ;Lab4Ex3.c: 14:     while(1){
   165                           
   166                           
   167                           ;Lab4Ex3.c: 15: one_sec_delay();
   168  07D5  120A  118A  27E1  120A  118A  	fcall	_one_sec_delay
   169                           
   170                           ;Lab4Ex3.c: 16: PORTD++;
   171  07DA  3001               	movlw	1
   172  07DB  00F3               	movwf	??_main
   173  07DC  0873               	movf	??_main,w
   174  07DD  1283               	bcf	3,5	;RP0=0, select bank0
   175  07DE  1303               	bcf	3,6	;RP1=0, select bank0
   176  07DF  0788               	addwf	8,f	;volatile
   177  07E0  2FD5               	goto	l508
   178  07E1                     __end_of_main:	
   179                           
   180                           	psect	text1
   181  07E1                     __ptext1:	
   182 ;; *************** function _one_sec_delay *****************
   183 ;; Defined at:
   184 ;;		line 21 in file "Lab4Ex3.c"
   185 ;; Parameters:    Size  Location     Type
   186 ;;		None
   187 ;; Auto vars:     Size  Location     Type
   188 ;;  i               1    2[COMMON] unsigned char 
   189 ;;  preload         1    1[COMMON] unsigned char 
   190 ;; Return value:  Size  Location     Type
   191 ;;                  1    wreg      void 
   192 ;; Registers used:
   193 ;;		wreg, status,2, status,0
   194 ;; Tracked objects:
   195 ;;		On entry : 0/0
   196 ;;		On exit  : 0/0
   197 ;;		Unchanged: 0/0
   198 ;; Data sizes:     COMMON   BANK0   BANK1   BANK3   BANK2
   199 ;;      Params:         0       0       0       0       0
   200 ;;      Locals:         2       0       0       0       0
   201 ;;      Temps:          1       0       0       0       0
   202 ;;      Totals:         3       0       0       0       0
   203 ;;Total ram usage:        3 bytes
   204 ;; Hardware stack levels used:    1
   205 ;; This function calls:
   206 ;;		Nothing
   207 ;; This function is called by:
   208 ;;		_main
   209 ;; This function uses a non-reentrant model
   210 ;;
   211                           
   212                           
   213                           ;psect for function _one_sec_delay
   214  07E1                     _one_sec_delay:	
   215                           
   216                           ;Lab4Ex3.c: 23: unsigned char preload = 96;    
   217                           
   218                           ;incstack = 0
   219                           ; Regs used in _one_sec_delay: [wreg+status,2+status,0]
   220  07E1  3060               	movlw	96
   221  07E2  00F0               	movwf	??_one_sec_delay
   222  07E3  0870               	movf	??_one_sec_delay,w
   223  07E4  00F1               	movwf	one_sec_delay@preload
   224                           
   225                           ;Lab4Ex3.c: 24:     unsigned char i;    
   226                           ;Lab4Ex3.c: 25:     
   227                           ;Lab4Ex3.c: 26:     OPTION_REGbits.T0CS = 0;    
   228  07E5  1683               	bsf	3,5	;RP0=1, select bank1
   229  07E6  1303               	bcf	3,6	;RP1=0, select bank1
   230  07E7  1281               	bcf	1,5	;volatile
   231                           
   232                           ;Lab4Ex3.c: 27:     OPTION_REGbits.PSA = 0;     
   233  07E8  1181               	bcf	1,3	;volatile
   234                           
   235                           ;Lab4Ex3.c: 28:     OPTION_REGbits.PS = 7;      
   236  07E9  3007               	movlw	7
   237  07EA  0481               	iorwf	1,f	;volatile
   238                           
   239                           ;Lab4Ex3.c: 29:                             
   240                           ;Lab4Ex3.c: 30:     for(i=0;i<20;i++)       
   241  07EB  01F2               	clrf	one_sec_delay@i
   242  07EC                     L1:	
   243  07EC  3014               	movlw	20
   244  07ED  0272               	subwf	one_sec_delay@i,w
   245  07EE  1803               	btfsc	3,0
   246  07EF  0008               	return
   247                           
   248                           ;Lab4Ex3.c: 31:         {
   249                           ;Lab4Ex3.c: 32:             TMR0 = preload;             
   250  07F0  0871               	movf	one_sec_delay@preload,w
   251  07F1  1283               	bcf	3,5	;RP0=0, select bank0
   252  07F2  1303               	bcf	3,6	;RP1=0, select bank0
   253  07F3  0081               	movwf	1	;volatile
   254  07F4                     l23:	
   255                           ;Lab4Ex3.c: 33:             while(!INTCONbits.TMR0IF);    
   256                           
   257  07F4  1D0B               	btfss	11,2	;volatile
   258  07F5  2FF4               	goto	l23
   259                           
   260                           ;Lab4Ex3.c: 34:             INTCONbits.TMR0IF = 0;        
   261  07F6  110B               	bcf	11,2	;volatile
   262  07F7  3001               	movlw	1
   263  07F8  00F0               	movwf	??_one_sec_delay
   264  07F9  0870               	movf	??_one_sec_delay,w
   265  07FA  07F2               	addwf	one_sec_delay@i,f
   266  07FB  2FEC               	goto	L1
   267  07FC                     __end_of_one_sec_delay:	
   268  007E                     btemp	set	126	;btemp
   269  007E                     wtemp	set	126
   270  007E                     wtemp0	set	126
   271  0080                     wtemp1	set	128
   272  0082                     wtemp2	set	130
   273  0084                     wtemp3	set	132
   274  0086                     wtemp4	set	134
   275  0088                     wtemp5	set	136
   276  007F                     wtemp6	set	127
   277  007E                     ttemp	set	126
   278  007E                     ttemp0	set	126
   279  0081                     ttemp1	set	129
   280  0084                     ttemp2	set	132
   281  0087                     ttemp3	set	135
   282  007F                     ttemp4	set	127
   283  007E                     ltemp	set	126
   284  007E                     ltemp0	set	126
   285  0082                     ltemp1	set	130
   286  0086                     ltemp2	set	134
   287  0080                     ltemp3	set	128


Data Sizes:
    Strings     0
    Constant    0
    Data        0
    BSS         0
    Persistent  0
    Stack       0

Auto Spaces:
    Space          Size  Autos    Used
    COMMON           14      4       4
    BANK0            80      0       0
    BANK1            80      0       0
    BANK3            96      0       0
    BANK2            96      0       0

Pointer List with Targets:

    None.

Critical Paths under _main in COMMON

    _main->_one_sec_delay

Critical Paths under _main in BANK0

    None.

Critical Paths under _main in BANK1

    None.

Critical Paths under _main in BANK3

    None.

Critical Paths under _main in BANK2

    None.

Call Graph Tables:

 ---------------------------------------------------------------------------------
 (Depth) Function   	        Calls       Base Space   Used Autos Params    Refs
 ---------------------------------------------------------------------------------
 (0) _main                                                 1     1      0      45
                                              3 COMMON     1     1      0
                      _one_sec_delay
 ---------------------------------------------------------------------------------
 (1) _one_sec_delay                                        3     3      0      45
                                              0 COMMON     3     3      0
 ---------------------------------------------------------------------------------
 Estimated maximum stack depth 1
 ---------------------------------------------------------------------------------

 Call Graph Graphs:

 _main (ROOT)
   _one_sec_delay

 Address spaces:
Name               Size   Autos  Total    Cost      Usage
BITCOMMON            E      0       0       0        0.0%
EEDATA             100      0       0       0        0.0%
NULL                 0      0       0       0        0.0%
CODE                 0      0       0       0        0.0%
COMMON               E      4       4       1       28.6%
BITSFR0              0      0       0       1        0.0%
SFR0                 0      0       0       1        0.0%
BITSFR1              0      0       0       2        0.0%
SFR1                 0      0       0       2        0.0%
STACK                0      0       0       2        0.0%
ABS                  0      0       0       3        0.0%
BITBANK0            50      0       0       4        0.0%
BITSFR3              0      0       0       4        0.0%
SFR3                 0      0       0       4        0.0%
BANK0               50      0       0       5        0.0%
BITSFR2              0      0       0       5        0.0%
SFR2                 0      0       0       5        0.0%
BITBANK1            50      0       0       6        0.0%
BANK1               50      0       0       7        0.0%
BITBANK3            60      0       0       8        0.0%
BANK3               60      0       0       9        0.0%
BITBANK2            60      0       0      10        0.0%
BANK2               60      0       0      11        0.0%
DATA                 0      0       0      12        0.0%


Microchip Technology PIC Macro Assembler V1.38 build -256452561 
Symbol Table                                                                                   Fri Dec 09 12:43:04 2016

                     l23 07F4                      l508 07D5                     _TMR0 0001  
                   _main 07CF                     btemp 007E    __end_of_one_sec_delay 07FC  
                   ltemp 007E                     start 0000                     ttemp 007E  
                   wtemp 007E                    ?_main 0070                    _PORTD 0008  
                  _TRISD 0088                    ltemp0 007E                    ltemp1 0082  
                  ltemp2 0086                    ltemp3 0080                    ttemp0 007E  
                  ttemp1 0081                    ttemp2 0084                    ttemp3 0087  
                  ttemp4 007F                    status 0003                    wtemp0 007E  
                  wtemp1 0080                    wtemp2 0082                    wtemp3 0084  
                  wtemp4 0086                    wtemp5 0088                    wtemp6 007F  
        __initialization 07FC             __end_of_main 07E1                   ??_main 0073  
__end_of__initialization 07FC           __pcstackCOMMON 0070           _OPTION_REGbits 0081  
             __pmaintext 07CF                  __ptext1 07E1   __size_of_one_sec_delay 001B  
   end_of_initialization 07FC            _one_sec_delay 07E1      start_initialization 07FC  
         ?_one_sec_delay 0070                ___latbits 0002     one_sec_delay@preload 0071  
         one_sec_delay@i 0072          ??_one_sec_delay 0070            __size_of_main 0012  
             _INTCONbits 000B  
